0 verbose cli /opt/homebrew/Cellar/node/25.5.0/bin/node /opt/homebrew/bin/npm
1 info using npm@11.8.0
2 info using node@v25.5.0
3 silly config load:file:/opt/homebrew/lib/node_modules/npm/npmrc
4 silly config load:file:/Users/farahai/Projects/ai-sports-betting-pro/.npmrc
5 silly config load:file:/Users/farahai/Projects/ai-sports-betting-pro/.npmrc.local
6 silly config load:file:/opt/homebrew/etc/npmrc
7 verbose title npm install
8 verbose argv "install"
9 verbose logfile logs-max:10 dir:/Users/farahai/Projects/ai-sports-betting-pro/.npm-cache/_logs/2026-02-21T23_53_16_587Z-
10 verbose logfile /Users/farahai/Projects/ai-sports-betting-pro/.npm-cache/_logs/2026-02-21T23_53_16_587Z-debug-0.log
11 silly logfile done cleaning log files
12 silly packumentCache heap:4496293888 maxSize:1124073472 maxEntrySize:562036736
13 http fetch GET https://registry.npmjs.org/npm attempt 1 failed with ENOTFOUND
14 silly idealTree buildDeps
15 silly fetch manifest @hookform/resolvers@^3.10.0
16 silly packumentCache full:https://registry.npmjs.org/@hookform%2fresolvers cache-miss
17 http fetch GET https://registry.npmjs.org/@hookform%2fresolvers attempt 1 failed with ENOTFOUND
18 http fetch GET https://registry.npmjs.org/npm attempt 2 failed with ENOTFOUND
19 http fetch GET https://registry.npmjs.org/@hookform%2fresolvers attempt 2 failed with ENOTFOUND
20 http fetch GET https://registry.npmjs.org/npm attempt 3 failed with ENOTFOUND
21 http fetch GET https://registry.npmjs.org/@hookform%2fresolvers attempt 3 failed with ENOTFOUND
22 silly fetch manifest @radix-ui/react-accordion@^1.2.0
23 silly packumentCache full:https://registry.npmjs.org/@radix-ui%2freact-accordion cache-miss
24 http fetch GET https://registry.npmjs.org/@radix-ui%2freact-accordion attempt 1 failed with ENOTFOUND
25 http fetch GET https://registry.npmjs.org/@radix-ui%2freact-accordion attempt 2 failed with ENOTFOUND
26 http fetch GET https://registry.npmjs.org/@radix-ui%2freact-accordion attempt 3 failed with ENOTFOUND
27 silly fetch manifest @radix-ui/react-dialog@^1.1.2
28 silly packumentCache full:https://registry.npmjs.org/@radix-ui%2freact-dialog cache-miss
29 http fetch GET https://registry.npmjs.org/@radix-ui%2freact-dialog attempt 1 failed with ENOTFOUND
30 http fetch GET https://registry.npmjs.org/@radix-ui%2freact-dialog attempt 2 failed with ENOTFOUND
